2025-01-23 00:54:52,571 INFO werkzeug MainThread : [31m[1mWARNING: This is a development server. Do not use it in a production deployment. Use a production WSGI server instead.[0m
 * Running on http://localhost:70
2025-01-23 00:54:52,571 INFO werkzeug MainThread : [33mPress CTRL+C to quit[0m
2025-01-23 00:54:52,576 INFO werkzeug MainThread :  * Restarting with stat
2025-01-23 00:54:52,917 WARNING werkzeug MainThread :  * Debugger is active!
2025-01-23 00:54:52,922 INFO werkzeug MainThread :  * Debugger PIN: 846-340-584
2025-01-23 00:55:01,721 INFO main Thread-2 (process_request_thread) : func_2
2025-01-23 00:55:01,736 INFO werkzeug Thread-2 (process_request_thread) : 127.0.0.1 - - [23/Jan/2025 00:55:01] "POST /func_2 HTTP/1.1" 200 -
2025-01-23 00:55:08,257 INFO main Thread-3 (process_request_thread) : func_2
2025-01-23 00:55:08,269 INFO werkzeug Thread-3 (process_request_thread) : 127.0.0.1 - - [23/Jan/2025 00:55:08] "POST /func_2 HTTP/1.1" 200 -
2025-01-23 00:55:25,072 INFO main Thread-4 (process_request_thread) : func_1
2025-01-23 00:55:25,073 INFO main Thread-4 (process_request_thread) : Traceback (most recent call last):
  File "C:\code\PycharmProjects\song\server\main.py", line 65, in func_1
    val['idx'] = int(val['idx'])
                 ^^^^^^^^^^^^^^^
ValueError: invalid literal for int() with base 10: ''

2025-01-23 00:55:25,073 INFO werkzeug Thread-4 (process_request_thread) : 127.0.0.1 - - [23/Jan/2025 00:55:25] "POST /func_1 HTTP/1.1" 200 -
2025-01-23 00:55:28,812 INFO main Thread-5 (process_request_thread) : func_1
2025-01-23 00:55:28,813 INFO main Thread-5 (process_request_thread) : Traceback (most recent call last):
  File "C:\code\PycharmProjects\song\server\main.py", line 65, in func_1
    val['idx'] = int(val['idx'])
                 ^^^^^^^^^^^^^^^
ValueError: invalid literal for int() with base 10: 'a'

2025-01-23 00:55:28,814 INFO werkzeug Thread-5 (process_request_thread) : 127.0.0.1 - - [23/Jan/2025 00:55:28] "POST /func_1 HTTP/1.1" 200 -
2025-01-23 00:55:33,338 INFO main Thread-6 (process_request_thread) : func_1
2025-01-23 00:55:33,338 INFO main Thread-6 (process_request_thread) : Traceback (most recent call last):
  File "C:\code\PycharmProjects\song\server\main.py", line 65, in func_1
    val['idx'] = int(val['idx'])
                 ^^^^^^^^^^^^^^^
ValueError: invalid literal for int() with base 10: '```'

2025-01-23 00:55:33,339 INFO werkzeug Thread-6 (process_request_thread) : 127.0.0.1 - - [23/Jan/2025 00:55:33] "POST /func_1 HTTP/1.1" 200 -
2025-01-23 00:55:36,916 INFO main Thread-7 (process_request_thread) : func_3
2025-01-23 00:55:36,916 INFO main Thread-7 (process_request_thread) : Traceback (most recent call last):
  File "C:\code\PycharmProjects\song\server\main.py", line 110, in func_3
    val = int(request.form['idx'])
          ^^^^^^^^^^^^^^^^^^^^^^^^
ValueError: invalid literal for int() with base 10: '`'

2025-01-23 00:55:36,917 INFO werkzeug Thread-7 (process_request_thread) : 127.0.0.1 - - [23/Jan/2025 00:55:36] "POST /func_3 HTTP/1.1" 200 -
2025-01-23 00:55:39,406 INFO main Thread-8 (process_request_thread) : func_3
2025-01-23 00:55:39,408 INFO werkzeug Thread-8 (process_request_thread) : 127.0.0.1 - - [23/Jan/2025 00:55:39] "POST /func_3 HTTP/1.1" 200 -
2025-01-23 00:55:43,277 INFO main Thread-9 (process_request_thread) : func_1
2025-01-23 00:55:43,279 INFO main Thread-9 (process_request_thread) : Traceback (most recent call last):
  File "C:\code\PycharmProjects\song\server\main.py", line 70, in func_1
    db.Database.execute(Query.get_select_one(int(val['idx'])))
  File "C:\code\PycharmProjects\song\server\db_f\db.py", line 38, in execute
    raise ValueError('Index not found')
ValueError: Index not found

2025-01-23 00:55:43,279 INFO werkzeug Thread-9 (process_request_thread) : 127.0.0.1 - - [23/Jan/2025 00:55:43] "POST /func_1 HTTP/1.1" 200 -
2025-01-23 00:55:47,287 INFO main Thread-10 (process_request_thread) : func_1
2025-01-23 00:55:47,287 INFO main Thread-10 (process_request_thread) : Traceback (most recent call last):
  File "C:\code\PycharmProjects\song\server\main.py", line 52, in func_1
    val = int(request.values.get('idx'))
          ^^^^^^^^^^^^^^^^^^^^^^^^^^^^^^
ValueError: invalid literal for int() with base 10: ''

2025-01-23 00:55:47,288 INFO werkzeug Thread-10 (process_request_thread) : 127.0.0.1 - - [23/Jan/2025 00:55:47] "GET /func_1?idx= HTTP/1.1" 200 -
2025-01-23 00:55:49,849 INFO werkzeug Thread-11 (process_request_thread) : 127.0.0.1 - - [23/Jan/2025 00:55:49] "GET /ui HTTP/1.1" 200 -
2025-01-23 00:55:51,239 INFO main Thread-12 (process_request_thread) : func_1
2025-01-23 00:55:51,239 INFO main Thread-12 (process_request_thread) : Traceback (most recent call last):
  File "C:\code\PycharmProjects\song\server\main.py", line 65, in func_1
    val['idx'] = int(val['idx'])
                 ^^^^^^^^^^^^^^^
ValueError: invalid literal for int() with base 10: ''

2025-01-23 00:55:51,240 INFO werkzeug Thread-12 (process_request_thread) : 127.0.0.1 - - [23/Jan/2025 00:55:51] "POST /func_1 HTTP/1.1" 200 -
2025-01-23 00:55:53,162 INFO main Thread-13 (process_request_thread) : func_2
2025-01-23 00:55:53,163 INFO main Thread-13 (process_request_thread) : Traceback (most recent call last):
  File "C:\code\PycharmProjects\song\server\main.py", line 88, in func_2
    val['input_1'] = int(val['input_1'])
                     ^^^^^^^^^^^^^^^^^^^
ValueError: invalid literal for int() with base 10: ''

2025-01-23 00:55:53,163 INFO werkzeug Thread-13 (process_request_thread) : 127.0.0.1 - - [23/Jan/2025 00:55:53] "POST /func_2 HTTP/1.1" 200 -
2025-01-23 00:55:55,002 INFO main Thread-14 (process_request_thread) : func_1
2025-01-23 00:55:55,002 INFO main Thread-14 (process_request_thread) : Traceback (most recent call last):
  File "C:\code\PycharmProjects\song\server\main.py", line 52, in func_1
    val = int(request.values.get('idx'))
          ^^^^^^^^^^^^^^^^^^^^^^^^^^^^^^
ValueError: invalid literal for int() with base 10: ''

2025-01-23 00:55:55,002 INFO werkzeug Thread-14 (process_request_thread) : 127.0.0.1 - - [23/Jan/2025 00:55:55] "GET /func_1?idx= HTTP/1.1" 200 -
2025-01-23 00:55:56,979 INFO main Thread-15 (process_request_thread) : func_3
2025-01-23 00:55:56,979 INFO main Thread-15 (process_request_thread) : Traceback (most recent call last):
  File "C:\code\PycharmProjects\song\server\main.py", line 110, in func_3
    val = int(request.form['idx'])
          ^^^^^^^^^^^^^^^^^^^^^^^^
ValueError: invalid literal for int() with base 10: ''

2025-01-23 00:55:56,980 INFO werkzeug Thread-15 (process_request_thread) : 127.0.0.1 - - [23/Jan/2025 00:55:56] "POST /func_3 HTTP/1.1" 200 -
2025-01-23 00:57:33,917 INFO werkzeug MainThread :  * Detected change in 'C:\\code\\PycharmProjects\\song\\server\\main.py', reloading
2025-01-23 00:57:33,955 INFO werkzeug MainThread :  * Restarting with stat
