2025-01-23 01:24:26,189 WARNING werkzeug MainThread :  * Debugger is active!
2025-01-23 01:24:26,194 INFO werkzeug MainThread :  * Debugger PIN: 846-340-584
2025-01-23 01:24:40,468 INFO main Thread-2 (process_request_thread) : func_2
2025-01-23 01:24:40,484 INFO werkzeug Thread-2 (process_request_thread) : 127.0.0.1 - - [23/Jan/2025 01:24:40] "POST /func_2 HTTP/1.1" 200 -
2025-01-23 01:24:42,532 INFO main Thread-3 (process_request_thread) : func_2
2025-01-23 01:24:42,534 INFO main Thread-3 (process_request_thread) : Traceback (most recent call last):
  File "C:\code\PycharmProjects\song\server\main.py", line 96, in func_2
    db.Database.execute(Query.post_insert(val))
                        ^^^^^^^^^^^^^^^^^^^^^^
  File "C:\code\PycharmProjects\song\server\db_f\Query.py", line 19, in post_insert
    return (("INSERT INTO item (input_1, input_2, input_3, input_4, create_date) "
            ^^^^^^^^^^^^^^^^^^^^^^^^^^^^^^^^^^^^^^^^^^^^^^^^^^^^^^^^^^^^^^^^^^^^^^
TypeError: %d format: a real number is required, not str

2025-01-23 01:24:42,534 INFO werkzeug Thread-3 (process_request_thread) : 127.0.0.1 - - [23/Jan/2025 01:24:42] "POST /func_2 HTTP/1.1" 200 -
2025-01-23 01:24:44,584 INFO main Thread-4 (process_request_thread) : func_1
2025-01-23 01:24:44,584 INFO main Thread-4 (process_request_thread) : Traceback (most recent call last):
  File "C:\code\PycharmProjects\song\server\main.py", line 55, in func_1
    val = int(request.values.get('idx'))
          ^^^^^^^^^^^^^^^^^^^^^^^^^^^^^^
TypeError: int() argument must be a string, a bytes-like object or a real number, not 'NoneType'

2025-01-23 01:24:44,584 INFO werkzeug Thread-4 (process_request_thread) : 127.0.0.1 - - [23/Jan/2025 01:24:44] "GET /func_1 HTTP/1.1" 200 -
2025-01-23 01:24:46,632 INFO main Thread-5 (process_request_thread) : func_1
2025-01-23 01:24:46,632 INFO main Thread-5 (process_request_thread) : Traceback (most recent call last):
  File "C:\code\PycharmProjects\song\server\main.py", line 55, in func_1
    val = int(request.values.get('idx'))
          ^^^^^^^^^^^^^^^^^^^^^^^^^^^^^^
TypeError: int() argument must be a string, a bytes-like object or a real number, not 'NoneType'

2025-01-23 01:24:46,634 INFO werkzeug Thread-5 (process_request_thread) : 127.0.0.1 - - [23/Jan/2025 01:24:46] "GET /func_1 HTTP/1.1" 200 -
2025-01-23 01:24:48,674 INFO main Thread-6 (process_request_thread) : func_1
2025-01-23 01:24:48,676 INFO main Thread-6 (process_request_thread) : Traceback (most recent call last):
  File "C:\code\PycharmProjects\song\server\main.py", line 73, in func_1
    db.Database.execute(Query.get_select_one(int(val['idx'])))
  File "C:\code\PycharmProjects\song\server\db_f\db.py", line 38, in execute
    raise ValueError('Index not found')
ValueError: Index not found

2025-01-23 01:24:48,676 INFO werkzeug Thread-6 (process_request_thread) : 127.0.0.1 - - [23/Jan/2025 01:24:48] "POST /func_1 HTTP/1.1" 200 -
2025-01-23 01:24:50,726 INFO main Thread-7 (process_request_thread) : func_1
2025-01-23 01:24:50,726 INFO main Thread-7 (process_request_thread) : Traceback (most recent call last):
  File "C:\code\PycharmProjects\song\server\main.py", line 73, in func_1
    db.Database.execute(Query.get_select_one(int(val['idx'])))
                                             ^^^^^^^^^^^^^^^
ValueError: invalid literal for int() with base 10: 'a'

2025-01-23 01:24:50,727 INFO werkzeug Thread-7 (process_request_thread) : 127.0.0.1 - - [23/Jan/2025 01:24:50] "POST /func_1 HTTP/1.1" 200 -
2025-01-23 01:24:52,771 INFO main Thread-8 (process_request_thread) : func_3
2025-01-23 01:24:52,771 INFO main Thread-8 (process_request_thread) : Traceback (most recent call last):
  File "C:\code\PycharmProjects\song\server\main.py", line 115, in func_3
    val = int(request.values.get('idx'))
          ^^^^^^^^^^^^^^^^^^^^^^^^^^^^^^
TypeError: int() argument must be a string, a bytes-like object or a real number, not 'NoneType'

2025-01-23 01:24:52,771 INFO werkzeug Thread-8 (process_request_thread) : 127.0.0.1 - - [23/Jan/2025 01:24:52] "POST /func_3 HTTP/1.1" 200 -
2025-01-23 01:24:54,821 INFO main Thread-9 (process_request_thread) : func_3
2025-01-23 01:24:54,821 INFO main Thread-9 (process_request_thread) : Traceback (most recent call last):
  File "C:\code\PycharmProjects\song\server\main.py", line 115, in func_3
    val = int(request.values.get('idx'))
          ^^^^^^^^^^^^^^^^^^^^^^^^^^^^^^
TypeError: int() argument must be a string, a bytes-like object or a real number, not 'NoneType'

2025-01-23 01:24:54,822 INFO werkzeug Thread-9 (process_request_thread) : 127.0.0.1 - - [23/Jan/2025 01:24:54] "POST /func_3 HTTP/1.1" 200 -
2025-01-23 01:25:46,021 INFO werkzeug MainThread :  * Detected change in 'C:\\code\\PycharmProjects\\test_script\\excel_read\\event.py', reloading
